# JRE version: OpenJDK Runtime Environment Temurin-21.0.8+9 (21.0.8+9) (build 21.0.8+9-LTS)
# Java VM: OpenJDK 64-Bit Server VM Temurin-21.0.8+9 (21.0.8+9-LTS, mixed mode, sharing, tiered, compressed oops, compressed class ptrs, parallel gc, windows-amd64)
GC Precious Log:
 CardTable entry size: 512
 CPUs: 4 total, 4 available
 Memory: 3819M
 Large Page Support: Disabled
 NUMA Support: Disabled
 Compressed Oops: Enabled (32-bit)
 Alignments: Space 512K, Generation 512K, Heap 2M
 Heap Min Capacity: 100M
 Heap Initial Capacity: 100M
 Heap Max Capacity: 2G
 Pre-touch: Disabled
 Parallel Workers: 4
Heap:
 PSYoungGen      total 4608K, used 3421K [0x00000000d5580000, 0x00000000d5c00000, 0x0000000100000000)
  eden space 4096K, 79% used [0x00000000d5580000,0x00000000d58af498,0x00000000d5980000)
  from space 512K, 31% used [0x00000000d5b00000,0x00000000d5b28000,0x00000000d5b80000)
  to   space 512K, 0% used [0x00000000d5b80000,0x00000000d5b80000,0x00000000d5c00000)
 ParOldGen       total 902656K, used 902421K [0x0000000080000000, 0x00000000b7180000, 0x00000000d5580000)
  object space 902656K, 99% used [0x0000000080000000,0x00000000b7145570,0x00000000b7180000)
 Metaspace       used 96560K, committed 98432K, reserved 1179648K
  class space    used 10029K, committed 10880K, reserved 1048576K
GC Heap History (20 events):
Event: 2556.764 GC heap before
{Heap before GC invocations=1285 (full 5):
 PSYoungGen      total 5632K, used 5577K [0x00000000d5580000, 0x00000000d5c80000, 0x0000000100000000)
  eden space 5120K, 99% used [0x00000000d5580000,0x00000000d5a7a518,0x00000000d5a80000)
  from space 512K, 93% used [0x00000000d5b80000,0x00000000d5bf8000,0x00000000d5c00000)
  to   space 512K, 0% used [0x00000000d5c00000,0x00000000d5c00000,0x00000000d5c80000)
 ParOldGen       total 900608K, used 900125K [0x0000000080000000, 0x00000000b6f80000, 0x00000000d5580000)
  object space 900608K, 99% used [0x0000000080000000,0x00000000b6f074e8,0x00000000b6f80000)
 Metaspace       used 96510K, committed 98432K, reserved 1179648K
  class space    used 10023K, committed 10880K, reserved 1048576K
}
Event: 2556.772 GC heap after
{Heap after GC invocations=1285 (full 5):
 PSYoungGen      total 4608K, used 500K [0x00000000d5580000, 0x00000000d5f80000, 0x0000000100000000)
  eden space 4096K, 0% used [0x00000000d5580000,0x00000000d5580000,0x00000000d5980000)
  from space 512K, 97% used [0x00000000d5c00000,0x00000000d5c7d250,0x00000000d5c80000)
  to   space 2560K, 0% used [0x00000000d5980000,0x00000000d5980000,0x00000000d5c00000)
 ParOldGen       total 901632K, used 901516K [0x0000000080000000, 0x00000000b7080000, 0x00000000d5580000)
  object space 901632K, 99% used [0x0000000080000000,0x00000000b70632a8,0x00000000b7080000)
 Metaspace       used 96510K, committed 98432K, reserved 1179648K
  class space    used 10023K, committed 10880K, reserved 1048576K
}
Event: 2556.812 GC heap before
{Heap before GC invocations=1286 (full 5):
 PSYoungGen      total 4608K, used 4258K [0x00000000d5580000, 0x00000000d5f80000, 0x0000000100000000)
  eden space 4096K, 91% used [0x00000000d5580000,0x00000000d592b930,0x00000000d5980000)
  from space 512K, 97% used [0x00000000d5c00000,0x00000000d5c7d250,0x00000000d5c80000)
  to   space 2560K, 0% used [0x00000000d5980000,0x00000000d5980000,0x00000000d5c00000)
 ParOldGen       total 901632K, used 901516K [0x0000000080000000, 0x00000000b7080000, 0x00000000d5580000)
  object space 901632K, 99% used [0x0000000080000000,0x00000000b70632a8,0x00000000b7080000)
 Metaspace       used 96510K, committed 98432K, reserved 1179648K
  class space    used 10023K, committed 10880K, reserved 1048576K
}
Event: 2556.868 GC heap after
{Heap after GC invocations=1286 (full 5):
 PSYoungGen      total 6144K, used 1934K [0x00000000d5580000, 0x00000000d5d80000, 0x0000000100000000)
  eden space 4096K, 0% used [0x00000000d5580000,0x00000000d5580000,0x00000000d5980000)
  from space 2048K, 94% used [0x00000000d5980000,0x00000000d5b63b40,0x00000000d5b80000)
  to   space 2048K, 0% used [0x00000000d5b80000,0x00000000d5b80000,0x00000000d5d80000)
 ParOldGen       total 901632K, used 901540K [0x0000000080000000, 0x00000000b7080000, 0x00000000d5580000)
  object space 901632K, 99% used [0x0000000080000000,0x00000000b70692a8,0x00000000b7080000)
 Metaspace       used 96510K, committed 98432K, reserved 1179648K
  class space    used 10023K, committed 10880K, reserved 1048576K
}
Event: 2557.499 GC heap before
{Heap before GC invocations=1287 (full 5):
 PSYoungGen      total 6144K, used 5999K [0x00000000d5580000, 0x00000000d5d80000, 0x0000000100000000)
  eden space 4096K, 99% used [0x00000000d5580000,0x00000000d5978420,0x00000000d5980000)
  from space 2048K, 94% used [0x00000000d5980000,0x00000000d5b63b40,0x00000000d5b80000)
  to   space 2048K, 0% used [0x00000000d5b80000,0x00000000d5b80000,0x00000000d5d80000)
 ParOldGen       total 901632K, used 901540K [0x0000000080000000, 0x00000000b7080000, 0x00000000d5580000)
  object space 901632K, 99% used [0x0000000080000000,0x00000000b70692a8,0x00000000b7080000)
 Metaspace       used 96510K, committed 98432K, reserved 1179648K
  class space    used 10023K, committed 10880K, reserved 1048576K
}
Event: 2557.503 GC heap after
{Heap after GC invocations=1287 (full 5):
 PSYoungGen      total 4608K, used 168K [0x00000000d5580000, 0x00000000d5c00000, 0x0000000100000000)
  eden space 4096K, 0% used [0x00000000d5580000,0x00000000d5580000,0x00000000d5980000)
  from space 512K, 32% used [0x00000000d5b80000,0x00000000d5baa2c0,0x00000000d5c00000)
  to   space 1024K, 0% used [0x00000000d5a00000,0x00000000d5a00000,0x00000000d5b00000)
 ParOldGen       total 902144K, used 901855K [0x0000000080000000, 0x00000000b7100000, 0x00000000d5580000)
  object space 902144K, 99% used [0x0000000080000000,0x00000000b70b7f00,0x00000000b7100000)
 Metaspace       used 96510K, committed 98432K, reserved 1179648K
  class space    used 10023K, committed 10880K, reserved 1048576K
}
Event: 2557.579 GC heap before
{Heap before GC invocations=1288 (full 5):
 PSYoungGen      total 4608K, used 4258K [0x00000000d5580000, 0x00000000d5c00000, 0x0000000100000000)
  eden space 4096K, 99% used [0x00000000d5580000,0x00000000d597e5d0,0x00000000d5980000)
  from space 512K, 32% used [0x00000000d5b80000,0x00000000d5baa2c0,0x00000000d5c00000)
  to   space 1024K, 0% used [0x00000000d5a00000,0x00000000d5a00000,0x00000000d5b00000)
 ParOldGen       total 902144K, used 901855K [0x0000000080000000, 0x00000000b7100000, 0x00000000d5580000)
  object space 902144K, 99% used [0x0000000080000000,0x00000000b70b7f00,0x00000000b7100000)
 Metaspace       used 96510K, committed 98432K, reserved 1179648K
  class space    used 10023K, committed 10880K, reserved 1048576K
}
Event: 2557.584 GC heap after
{Heap after GC invocations=1288 (full 5):
 PSYoungGen      total 5120K, used 141K [0x00000000d5580000, 0x00000000d5c00000, 0x0000000100000000)
  eden space 4096K, 0% used [0x00000000d5580000,0x00000000d5580000,0x00000000d5980000)
  from space 1024K, 13% used [0x00000000d5a00000,0x00000000d5a23770,0x00000000d5b00000)
  to   space 512K, 0% used [0x00000000d5b80000,0x00000000d5b80000,0x00000000d5c00000)
 ParOldGen       total 902144K, used 901879K [0x0000000080000000, 0x00000000b7100000, 0x00000000d5580000)
  object space 902144K, 99% used [0x0000000080000000,0x00000000b70bdf00,0x00000000b7100000)
 Metaspace       used 96510K, committed 98432K, reserved 1179648K
  class space    used 10023K, committed 10880K, reserved 1048576K
}
Event: 2557.704 GC heap before
{Heap before GC invocations=1289 (full 5):
 PSYoungGen      total 5120K, used 4237K [0x00000000d5580000, 0x00000000d5c00000, 0x0000000100000000)
  eden space 4096K, 100% used [0x00000000d5580000,0x00000000d5980000,0x00000000d5980000)
  from space 1024K, 13% used [0x00000000d5a00000,0x00000000d5a23770,0x00000000d5b00000)
  to   space 512K, 0% used [0x00000000d5b80000,0x00000000d5b80000,0x00000000d5c00000)
 ParOldGen       total 902144K, used 901879K [0x0000000080000000, 0x00000000b7100000, 0x00000000d5580000)
  object space 902144K, 99% used [0x0000000080000000,0x00000000b70bdf00,0x00000000b7100000)
 Metaspace       used 96510K, committed 98432K, reserved 1179648K
  class space    used 10023K, committed 10880K, reserved 1048576K
}
Event: 2557.712 GC heap after
{Heap after GC invocations=1289 (full 5):
 PSYoungGen      total 4608K, used 128K [0x00000000d5580000, 0x00000000d5c00000, 0x0000000100000000)
  eden space 4096K, 0% used [0x00000000d5580000,0x00000000d5580000,0x00000000d5980000)
  from space 512K, 25% used [0x00000000d5b80000,0x00000000d5ba0000,0x00000000d5c00000)
  to   space 512K, 0% used [0x00000000d5b00000,0x00000000d5b00000,0x00000000d5b80000)
 ParOldGen       total 902144K, used 901911K [0x0000000080000000, 0x00000000b7100000, 0x00000000d5580000)
  object space 902144K, 99% used [0x0000000080000000,0x00000000b70c5f00,0x00000000b7100000)
 Metaspace       used 96510K, committed 98432K, reserved 1179648K
  class space    used 10023K, committed 10880K, reserved 1048576K
}
Event: 2558.536 GC heap before
{Heap before GC invocations=1290 (full 5):
 PSYoungGen      total 4608K, used 4224K [0x00000000d5580000, 0x00000000d5c00000, 0x0000000100000000)
  eden space 4096K, 100% used [0x00000000d5580000,0x00000000d5980000,0x00000000d5980000)
  from space 512K, 25% used [0x00000000d5b80000,0x00000000d5ba0000,0x00000000d5c00000)
  to   space 512K, 0% used [0x00000000d5b00000,0x00000000d5b00000,0x00000000d5b80000)
 ParOldGen       total 902144K, used 901911K [0x0000000080000000, 0x00000000b7100000, 0x00000000d5580000)
  object space 902144K, 99% used [0x0000000080000000,0x00000000b70c5f00,0x00000000b7100000)
 Metaspace       used 96510K, committed 98432K, reserved 1179648K
  class space    used 10023K, committed 10880K, reserved 1048576K
}
Event: 2558.550 GC heap after
{Heap after GC invocations=1290 (full 5):
 PSYoungGen      total 4608K, used 192K [0x00000000d5580000, 0x00000000d5c00000, 0x0000000100000000)
  eden space 4096K, 0% used [0x00000000d5580000,0x00000000d5580000,0x00000000d5980000)
  from space 512K, 37% used [0x00000000d5b00000,0x00000000d5b30000,0x00000000d5b80000)
  to   space 512K, 0% used [0x00000000d5b80000,0x00000000d5b80000,0x00000000d5c00000)
 ParOldGen       total 902144K, used 901951K [0x0000000080000000, 0x00000000b7100000, 0x00000000d5580000)
  object space 902144K, 99% used [0x0000000080000000,0x00000000b70cff00,0x00000000b7100000)
 Metaspace       used 96510K, committed 98432K, reserved 1179648K
  class space    used 10023K, committed 10880K, reserved 1048576K
}
Event: 2559.814 GC heap before
{Heap before GC invocations=1291 (full 5):
 PSYoungGen      total 4608K, used 4249K [0x00000000d5580000, 0x00000000d5c00000, 0x0000000100000000)
  eden space 4096K, 99% used [0x00000000d5580000,0x00000000d59765a8,0x00000000d5980000)
  from space 512K, 37% used [0x00000000d5b00000,0x00000000d5b30000,0x00000000d5b80000)
  to   space 512K, 0% used [0x00000000d5b80000,0x00000000d5b80000,0x00000000d5c00000)
 ParOldGen       total 902144K, used 901951K [0x0000000080000000, 0x00000000b7100000, 0x00000000d5580000)
  object space 902144K, 99% used [0x0000000080000000,0x00000000b70cff00,0x00000000b7100000)
 Metaspace       used 96510K, committed 98432K, reserved 1179648K
  class space    used 10023K, committed 10880K, reserved 1048576K
}
Event: 2559.822 GC heap after
{Heap after GC invocations=1291 (full 5):
 PSYoungGen      total 4608K, used 320K [0x00000000d5580000, 0x00000000d5c00000, 0x0000000100000000)
  eden space 4096K, 0% used [0x00000000d5580000,0x00000000d5580000,0x00000000d5980000)
  from space 512K, 62% used [0x00000000d5b80000,0x00000000d5bd0000,0x00000000d5c00000)
  to   space 512K, 0% used [0x00000000d5b00000,0x00000000d5b00000,0x00000000d5b80000)
 ParOldGen       total 902144K, used 902079K [0x0000000080000000, 0x00000000b7100000, 0x00000000d5580000)
  object space 902144K, 99% used [0x0000000080000000,0x00000000b70eff00,0x00000000b7100000)
 Metaspace       used 96510K, committed 98432K, reserved 1179648K
  class space    used 10023K, committed 10880K, reserved 1048576K
}
Event: 2559.844 GC heap before
{Heap before GC invocations=1292 (full 5):
 PSYoungGen      total 4608K, used 4254K [0x00000000d5580000, 0x00000000d5c00000, 0x0000000100000000)
  eden space 4096K, 96% used [0x00000000d5580000,0x00000000d5957b78,0x00000000d5980000)
  from space 512K, 62% used [0x00000000d5b80000,0x00000000d5bd0000,0x00000000d5c00000)
  to   space 512K, 0% used [0x00000000d5b00000,0x00000000d5b00000,0x00000000d5b80000)
 ParOldGen       total 902144K, used 902079K [0x0000000080000000, 0x00000000b7100000, 0x00000000d5580000)
  object space 902144K, 99% used [0x0000000080000000,0x00000000b70eff00,0x00000000b7100000)
 Metaspace       used 96510K, committed 98432K, reserved 1179648K
  class space    used 10023K, committed 10880K, reserved 1048576K
}
Event: 2559.850 GC heap after
{Heap after GC invocations=1292 (full 5):
 PSYoungGen      total 4608K, used 128K [0x00000000d5580000, 0x00000000d5c00000, 0x0000000100000000)
  eden space 4096K, 0% used [0x00000000d5580000,0x00000000d5580000,0x00000000d5980000)
  from space 512K, 25% used [0x00000000d5b00000,0x00000000d5b20000,0x00000000d5b80000)
  to   space 512K, 0% used [0x00000000d5b80000,0x00000000d5b80000,0x00000000d5c00000)
 ParOldGen       total 902656K, used 902357K [0x0000000080000000, 0x00000000b7180000, 0x00000000d5580000)
  object space 902656K, 99% used [0x0000000080000000,0x00000000b7135570,0x00000000b7180000)
 Metaspace       used 96510K, committed 98432K, reserved 1179648K
  class space    used 10023K, committed 10880K, reserved 1048576K
}
Event: 2559.878 GC heap before
{Heap before GC invocations=1293 (full 5):
 PSYoungGen      total 4608K, used 4191K [0x00000000d5580000, 0x00000000d5c00000, 0x0000000100000000)
  eden space 4096K, 99% used [0x00000000d5580000,0x00000000d5977e98,0x00000000d5980000)
  from space 512K, 25% used [0x00000000d5b00000,0x00000000d5b20000,0x00000000d5b80000)
  to   space 512K, 0% used [0x00000000d5b80000,0x00000000d5b80000,0x00000000d5c00000)
 ParOldGen       total 902656K, used 902357K [0x0000000080000000, 0x00000000b7180000, 0x00000000d5580000)
  object space 902656K, 99% used [0x0000000080000000,0x00000000b7135570,0x00000000b7180000)
 Metaspace       used 96510K, committed 98432K, reserved 1179648K
  class space    used 10023K, committed 10880K, reserved 1048576K
}
Event: 2559.884 GC heap after
{Heap after GC invocations=1293 (full 5):
 PSYoungGen      total 4608K, used 96K [0x00000000d5580000, 0x00000000d5c00000, 0x0000000100000000)
  eden space 4096K, 0% used [0x00000000d5580000,0x00000000d5580000,0x00000000d5980000)
  from space 512K, 18% used [0x00000000d5b80000,0x00000000d5b98000,0x00000000d5c00000)
  to   space 512K, 0% used [0x00000000d5b00000,0x00000000d5b00000,0x00000000d5b80000)
 ParOldGen       total 902656K, used 902381K [0x0000000080000000, 0x00000000b7180000, 0x00000000d5580000)
  object space 902656K, 99% used [0x0000000080000000,0x00000000b713b570,0x00000000b7180000)
 Metaspace       used 96510K, committed 98432K, reserved 1179648K
  class space    used 10023K, committed 10880K, reserved 1048576K
}
Event: 2564.831 GC heap before
{Heap before GC invocations=1294 (full 5):
 PSYoungGen      total 4608K, used 4190K [0x00000000d5580000, 0x00000000d5c00000, 0x0000000100000000)
  eden space 4096K, 99% used [0x00000000d5580000,0x00000000d597f918,0x00000000d5980000)
  from space 512K, 18% used [0x00000000d5b80000,0x00000000d5b98000,0x00000000d5c00000)
  to   space 512K, 0% used [0x00000000d5b00000,0x00000000d5b00000,0x00000000d5b80000)
 ParOldGen       total 902656K, used 902381K [0x0000000080000000, 0x00000000b7180000, 0x00000000d5580000)
  object space 902656K, 99% used [0x0000000080000000,0x00000000b713b570,0x00000000b7180000)
 Metaspace       used 96510K, committed 98432K, reserved 1179648K
  class space    used 10023K, committed 10880K, reserved 1048576K
}
Event: 2564.844 GC heap after
{Heap after GC invocations=1294 (full 5):
 PSYoungGen      total 4608K, used 160K [0x00000000d5580000, 0x00000000d5c00000, 0x0000000100000000)
  eden space 4096K, 0% used [0x00000000d5580000,0x00000000d5580000,0x00000000d5980000)
  from space 512K, 31% used [0x00000000d5b00000,0x00000000d5b28000,0x00000000d5b80000)
  to   space 512K, 0% used [0x00000000d5b80000,0x00000000d5b80000,0x00000000d5c00000)
 ParOldGen       total 902656K, used 902421K [0x0000000080000000, 0x00000000b7180000, 0x00000000d5580000)
  object space 902656K, 99% used [0x0000000080000000,0x00000000b7145570,0x00000000b7180000)
 Metaspace       used 96510K, committed 98432K, reserved 1179648K
  class space    used 10023K, committed 10880K, reserved 1048576K
}

